This is pdfTeX, Version 3.14159265-2.6-1.40.17 (TeX Live 2016) (preloaded format=prv_thesis 2016.11.4)  4 NOV 2016 17:58
entering extended mode
 restricted \write18 enabled.
 %&-line parsing enabled.
**&prv_thesis _region_.tex
(./_region_.tex
LaTeX2e <2016/03/31>
Babel <3.9r> and hyphenation patterns for 83 language(s) loaded.
CUSTOMISED FORMAT. Preloaded files:
        .
fithesis3.cls    2016/05/15 v0.3.38 fithesis3 MU thesis class
rapport3.cls    2004/06/07 v2.1a NTG LaTeX document class
   ntg10.clo    2004/06/07 v2.1a NTG LaTeX file (size option)
  keyval.sty    2014/10/28 v1.15 key=value parser (DPC)
etoolbox.sty    2015/08/02 v2.2a e-TeX tools for LaTeX (JAW)
 ltxcmds.sty    2016/05/16 v1.23 LaTeX kernel commands for general use (HO)
 ifxetex.sty    2010/09/12 v0.6 Provides ifxetex conditional
ifluatex.sty    2016/05/16 v1.4 Provides the ifluatex switch (HO)
inputenc.sty    2015/03/17 v1.2c Input encoding file
    utf8.def    2016/02/28 v1.1s UTF-8 support for inputenc
   t1enc.dfu    2016/02/28 v1.1s UTF-8 support for inputenc
  ot1enc.dfu    2016/02/28 v1.1s UTF-8 support for inputenc
  omsenc.dfu    2016/02/28 v1.1s UTF-8 support for inputenc
    cmap.sty    2008/03/06 v1.0h CMap support: searchable PDF
 fontenc.sty
   t1enc.def    2005/09/27 v1.99g Standard LaTeX file
  t2aenc.def    2005/09/27 v1.0i Cyrillic encoding definition file
  t2aenc.dfu    2016/02/28 v1.1s UTF-8 support for inputenc
  t2acmr.fd    2001/08/11 v1.0a Computer Modern Cyrillic font definitions
   babel.sty    2016/04/23 3.9r The Babel package
  german.ldf    2014/10/10 v2.7b German support for babel (traditional orthogra
phy)
russianb.ldf    2016/02/18 1.3h Russian support for the Babel system
   czech.ldf    2008/07/06 v3.1a Czech support from the babel system
  slovak.ldf    2008/07/06 v3.1a Slovak support from the babel system
 english.ldf    2012/08/20 v3.3p English support from the babel system
paratype.sty    2012/01/24 Style file for package paratype.
  PTSans.sty    2011/02/09 Style file for PTSans.
 PTSerif.sty    2011/02/10 Style file for PTSerif.
  PTMono.sty    2012/01/24 Style file for PTMono.
csquotes.sty    2016/01/31 v5.1g context-sensitive quotations (JAW)
csquotes.def    2016/01/31 v5.1g csquotes generic definitions (JAW)
csquotes.cfg    
biblatex.sty    2016/05/14 v3.4 programmable bibliographies (PK/JW/AB)
   iftex.sty    2013/04/04 v0.2 Provides if(tex) conditional for PDFTeX, XeTeX,
 and LuaTeX
pdftexcmds.sty    2016/05/10 v0.21 Utility functions of pdfTeX for LuaTeX (HO)
infwarerr.sty    2016/05/16 v1.4 Providing info/warning/error messages (HO)
   ifpdf.sty    2016/05/14 v3.1 Provides the ifpdf switch
kvoptions.sty    2016/05/16 v3.12 Key value format for package options (HO)
kvsetkeys.sty    2016/05/16 v1.17 Key value parser (HO)
etexcmds.sty    2016/05/16 v1.6 Avoid name clashes with e-TeX commands (HO)
  logreq.sty    2010/08/04 v1.0 xml request logger
  logreq.def    2010/08/04 v1.0 logreq spec v1.0
  ifthen.sty    2014/09/29 v1.1c Standard LaTeX ifthen package (DPC)
     url.sty    2013/09/16  ver 3.4  Verb mode for urls, etc.
 xstring.sty    2013/10/13  v1.7c  String manipulations (C Tellechea)
  blx-dm.def
 numeric.dbx
biblatex-dm.cfg
blx-compat.def    2016/05/14 v3.4 biblatex compatibility (PK/JW/AB)
biblatex.def    2016/05/14 v3.4 biblatex compatibility (PK/JW/AB)
standard.bbx    2016/05/14 v3.4 biblatex bibliography style (PK/JW/AB)
 numeric.bbx    2016/05/14 v3.4 biblatex bibliography style (PK/JW/AB)
numeric-comp.cbx    2016/05/14 v3.4 biblatex citation style (PK/JW/AB)
biblatex.cfg    
 makeidx.sty    2014/09/29 v1.0m Standard LaTeX package
paralist.sty    2015/12/30 v2.5 Extended list environments
 amsmath.sty    2016/03/10 v2.15b AMS math features
 amstext.sty    2000/06/29 v2.01 AMS text
  amsgen.sty    1999/11/30 v2.0 generic functions
  amsbsy.sty    1999/11/29 v1.2d Bold Symbols
  amsopn.sty    2016/03/08 v2.02 operator names
  amsthm.sty    2015/03/04 v2.20.2
amsfonts.sty    2013/01/14 v3.01 Basic AMSFonts support
menukeys.sty    2016/04/18 v1.4 -- A package to format menus, paths and shortcu
ts
  xparse.sty    2016/05/18 v6512 L3 Experimental document command parser
   expl3.sty    2016/05/18 v6512 L3 programming layer (loader) 
expl3-code.tex    2016/05/18 v6512 L3 programming layer 
l3pdfmode.def    2016/03/26 v6465 L3 Experimental driver: PDF mode
    tikz.sty    2015/08/07 v3.0.1a (rcs-revision 1.151)
     pgf.sty    2015/08/07 v3.0.1a (rcs-revision 1.15)
  pgfrcs.sty    2015/08/07 v3.0.1a (rcs-revision 1.31)
everyshi.sty    2001/05/15 v3.00 EveryShipout Package (MS)
  pgfrcs.code.tex
 pgfcore.sty    2010/04/11 v3.0.1a (rcs-revision 1.7)
graphicx.sty    2014/10/28 v1.0g Enhanced LaTeX Graphics (DPC,SPQR)
graphics.sty    2016/05/09 v1.0r Standard LaTeX Graphics (DPC,SPQR)
    trig.sty    2016/01/03 v1.10 sin cos tan (DPC)
graphics.cfg    2016/01/02 v1.10 sample graphics configuration
  pdftex.def    2011/05/27 v0.06d Graphics/color for pdfTeX
  pgfsys.sty    2014/07/09 v3.0.1a (rcs-revision 1.48)
  pgfsys.code.tex
pgfsyssoftpath.code.tex    2013/09/09  (rcs-revision 1.9)
pgfsysprotocol.code.tex    2006/10/16  (rcs-revision 1.4)
  xcolor.sty    2016/05/11 v2.12 LaTeX color extensions (UK)
   color.cfg    2016/01/02 v1.6 sample color configuration
colortbl.sty    2012/02/13 v1.0a Color table columns (DPC)
   array.sty    2014/10/28 v2.4c Tabular extension package (FMi)
 pgfcore.code.tex
pgfcomp-version-0-65.sty    2007/07/03 v3.0.1a (rcs-revision 1.7)
pgfcomp-version-1-18.sty    2007/07/23 v3.0.1a (rcs-revision 1.1)
  pgffor.sty    2013/12/13 v3.0.1a (rcs-revision 1.25)
 pgfkeys.sty    
 pgfkeys.code.tex
 pgfmath.sty    
 pgfmath.code.tex
  pgffor.code.tex
    tikz.code.tex
adjustbox.sty    2012/05/21 v1.0 Adjusting TeX boxes (trim, clip, ...)
 xkeyval.sty    2014/12/03 v2.7a package option processing (HA)
 xkeyval.tex    2014/12/03 v2.7a key=value parser (HA)
 adjcalc.sty    2012/05/16 v1.1 Provides advanced setlength with multiple back-
ends (calc, etex, pgfmath)
trimclip.sty    2012/05/16 v1.0 Trim and clip general TeX material
collectbox.sty    2012/05/17 v0.4b Collect macro arguments as boxes
tc-pdftex.def    2012/05/13 v1.0 Clipping driver for pdftex
ifoddpage.sty    2016/04/23 v1.1 Conditionals for odd/even page detection
varwidth.sty    2009/03/30 ver 0.92;  Variable-width minipages
 relsize.sty    2013/03/29 ver 4.1
catoptions.sty    2014/08/29 v0.2.7h Securing catcodes and parsing options (AM)

fithesis/locale/fithesis-english.def
fithesis/locale/mu/fithesis-english.def
fithesis/locale/mu/fi/fithesis-english.def
fithesis/style/fithesis-base.sty
fithesis/style/mu/fithesis-base.sty
pdfpages.sty    2016/04/19 v0.5f Insert pages of external PDF documents (AM)
    calc.sty    2014/10/28 v4.3 Infix arithmetic (KKT,FJ)
 eso-pic.sty    2015/07/21 v2.0g eso-pic (RN)
atbegshi.sty    2016/05/16 v1.17 At begin shipout hook (HO)
pppdftex.def    2016/04/19 v0.5f Pdfpages driver for pdfTeX (AM)
microtype.sty    2016/05/14 v2.6a Micro-typographical refinements (RS)
microtype-pdftex.def    2016/05/14 v2.6a Definitions specific to pdftex (RS)
microtype.cfg    2016/05/14 v2.6a microtype main configuration file (RS)
 lmodern.sty    2009/10/30 v1.6 Latin Modern Fonts
mathpazo.sty    2005/04/12 PSNFSS-v9.2a Palatino w/ Pazo Math (D.Puga, WaS) 
tgpagella.sty    2009/09/27 v1.2 TeX Gyre Pagella as default roman family
 fontenc.sty
   t1enc.def    2005/09/27 v1.99g Standard LaTeX file
   t1qpl.fd    2009/09/25 v1.2 font definition file for T1/qpl
tabularx.sty    2016/02/03 v2.11 `tabularx' package (DPC)
    tabu.sty    2011/02/26 v2.8 - flexible LaTeX tabulars (FC)
booktabs.sty    2016/04/27 v1.618033 publication quality tables
hyperref.sty    2016/05/05 v6.83n Hypertext links for LaTeX
hobsub-hyperref.sty    2016/05/16 v1.14 Bundle oberdiek, subset hyperref (HO)
hobsub-generic.sty    2016/05/16 v1.14 Bundle oberdiek, subset generic (HO)
  hobsub.sty    2016/05/16 v1.14 Construct package bundles (HO)
  ifvtex.sty    2016/05/16 v1.6 Detect VTeX and its facilities (HO)
 intcalc.sty    2016/05/16 v1.2 Expandable calculations with integers (HO)
kvdefinekeys.sty    2016/05/16 v1.4 Define keys (HO)
pdfescape.sty    2016/05/16 v1.14 Implements pdfTeX's escape features (HO)
bigintcalc.sty    2016/05/16 v1.4 Expandable calculations on big integers (HO)
  bitset.sty    2016/05/16 v1.2 Handle bit-vector datatype (HO)
uniquecounter.sty    2016/05/16 v1.3 Provide unlimited unique counter (HO)
letltxmacro.sty    2016/05/16 v1.5 Let assignment for LaTeX macros (HO)
 hopatch.sty    2016/05/16 v1.3 Wrapper for package hooks (HO)
xcolor-patch.sty    2016/05/16 xcolor patch
atveryend.sty    2016/05/16 v1.9 Hooks at the very end of document (HO)
refcount.sty    2016/05/16 v3.5 Data extraction from label references (HO)
 hycolor.sty    2016/05/16 v1.8 Color options for hyperref/bookmark (HO)
 auxhook.sty    2016/05/16 v1.4 Hooks for auxiliary files (HO)
  pd1enc.def    2016/05/05 v6.83n Hyperref: PDFDocEncoding definition (HO)
   puenc.def    2016/05/05 v6.83n Hyperref: PDF Unicode definition (HO)
hyperref.cfg    2002/06/06 v1.2 hyperref configuration of TeXLive
 hpdftex.def    2016/05/05 v6.83n Hyperref driver for pdfTeX
rerunfilecheck.sty    2016/05/16 v1.8 Rerun checks for auxiliary files (HO)
fithesis/style/mu/fithesis-fi.sty
stringenc.sty    2016/05/16 v1.11 Convert strings between diff. encodings (HO)
se-pdfdoc.def    2016/05/16 v1.11 stringenc: PDFDocEncoding
 english.lbx    2016/05/14 v3.4 biblatex localization (PK/JW/AB)
  slovak.lbx    2016/05/14 v3.4 biblatex localization (PK/JW/AB)
   czech.lbx    2016/05/14 v3.4 biblatex localization (PK/JW/AB)
 russian.lbx    2016/05/14 v3.4 biblatex localization (PK/JW/AB)
  german.lbx    2016/05/14 v3.4 biblatex localization (PK/JW/AB)
  ot1ppl.fd    2001/06/04 font definitions for OT1/ppl.
 omlzplm.fd    2002/09/08 Fontinst v1.914 font definitions for OML/zplm.
 omszplm.fd    2002/09/08 Fontinst v1.914 font definitions for OMS/zplm.
 omxzplm.fd    2002/09/08 Fontinst v1.914 font definitions for OMX/zplm.
    umsa.fd    2013/01/14 v3.01 AMS symbols A
    umsb.fd    2013/01/14 v3.01 AMS symbols B
 ot1zplm.fd    2002/09/08 Fontinst v1.914 font definitions for OT1/zplm.
  t1lmtt.fd    2009/10/30 v1.6 Font defs for Latin Modern
  t1lmss.fd    2009/10/30 v1.6 Font defs for Latin Modern
        .
No file _region_.aux.
LaTeX Font Info:    Checking defaults for OML/cmm/m/it on input line 86.
LaTeX Font Info:    ... okay on input line 86.
LaTeX Font Info:    Checking defaults for T1/cmr/m/n on input line 86.
LaTeX Font Info:    ... okay on input line 86.
LaTeX Font Info:    Checking defaults for OT1/cmr/m/n on input line 86.
LaTeX Font Info:    ... okay on input line 86.
LaTeX Font Info:    Checking defaults for OMS/cmsy/m/n on input line 86.
LaTeX Font Info:    ... okay on input line 86.
LaTeX Font Info:    Checking defaults for OMX/cmex/m/n on input line 86.
LaTeX Font Info:    ... okay on input line 86.
LaTeX Font Info:    Checking defaults for U/cmr/m/n on input line 86.
LaTeX Font Info:    ... okay on input line 86.
LaTeX Font Info:    Checking defaults for T2A/cmr/m/n on input line 86.
LaTeX Font Info:    ... okay on input line 86.
LaTeX Font Info:    Checking defaults for PD1/pdf/m/n on input line 86.
LaTeX Font Info:    ... okay on input line 86.
LaTeX Font Info:    Checking defaults for PU/pdf/m/n on input line 86.
LaTeX Font Info:    ... okay on input line 86.
(/Users/dvdthepmkr/.emacs.d/elpa/auctex-11.89.6/latex/preview.sty
Package: preview 2010/02/14 11.89 (AUCTeX/preview-latex)

(/Users/dvdthepmkr/.emacs.d/elpa/auctex-11.89.6/latex/prtightpage.def
\PreviewBorder=\dimen299
)
(/Users/dvdthepmkr/.emacs.d/elpa/auctex-11.89.6/latex/prauctex.def
No auxiliary output files.


\hbadness=\count388
\hfuzz=\dimen300
(/Users/dvdthepmkr/.emacs.d/elpa/auctex-11.89.6/latex/prauctex.cfg))
(/Users/dvdthepmkr/.emacs.d/elpa/auctex-11.89.6/latex/prfootnotes.def)
\pr@snippet=\count389
\pr@box=\box63
\pr@output=\toks52

Preview: Fontsize 12pt
Preview: PDFoutput 1
)
Package biblatex Info: Input encoding 'utf8' detected.
Package biblatex Info: Automatic encoding selection.
(biblatex)             Assuming data encoding 'utf8'.
Package biblatex Info: Reference section=0 on input line 86.
Package biblatex Info: Reference segment=0 on input line 86.
 ABD: EveryShipout initializing macros
(/usr/local/texlive/2016/texmf-dist/tex/context/base/mkii/supp-pdf.mkii
[Loading MPS to PDF converter (version 2006.09.02).]
\scratchcounter=\count390
\scratchdimen=\dimen301
\scratchbox=\box64
\nofMPsegments=\count391
\nofMParguments=\count392
\everyMPshowfont=\toks53
\MPscratchCnt=\count393
\MPscratchDim=\dimen302
\MPnumerator=\count394
\makeMPintoPDFobject=\count395
\everyMPtoPDFconversion=\toks54
) (/usr/local/texlive/2016/texmf-dist/tex/latex/oberdiek/epstopdf-base.sty
Package: epstopdf-base 2016/05/15 v2.6 Base part for package epstopdf

(/usr/local/texlive/2016/texmf-dist/tex/latex/oberdiek/grfext.sty
Package: grfext 2016/05/16 v1.2 Manage graphics extensions (HO)
)
Package grfext Info: Graphics extension search list:
(grfext)             [.png,.pdf,.jpg,.mps,.jpeg,.jbig2,.jb2,.PNG,.PDF,.JPG,.JPE
G,.JBIG2,.JB2,.eps]
(grfext)             \AppendGraphicsExtensions on input line 456.

(/usr/local/texlive/2016/texmf-dist/tex/latex/latexconfig/epstopdf-sys.cfg
File: epstopdf-sys.cfg 2010/07/13 v1.3 Configuration of (r)epstopdf for TeX Liv
e
))
\AtBeginShipoutBox=\box65

(/usr/local/texlive/2016/texmf-dist/tex/latex/oberdiek/pdflscape.sty
Package: pdflscape 2016/05/14 v0.11 Display of landscape pages in PDF (HO)

(/usr/local/texlive/2016/texmf-dist/tex/latex/graphics/lscape.sty
Package: lscape 2000/10/22 v3.01 Landscape Pages (DPC)
)
Package pdflscape Info: Auto-detected driver: pdftex on input line 81.
)
LaTeX Info: Redefining \microtypecontext on input line 86.
Package microtype Info: Generating PDF output.
Package microtype Info: Character protrusion enabled (level 2).
Package microtype Info: Using default protrusion set `alltext'.
Package microtype Info: Automatic font expansion enabled (level 2),
(microtype)             stretch: 20, shrink: 20, step: 1, non-selected.
Package microtype Info: Using default expansion set `basictext'.
Package microtype Info: No adjustment of tracking.
Package microtype Info: No adjustment of interword spacing.
Package microtype Info: No adjustment of character kerning.
Package microtype Info: Redefining babel's language switching commands.

(/usr/local/texlive/2016/texmf-dist/tex/latex/microtype/mt-ppl.cfg
File: mt-ppl.cfg 2005/11/16 v1.6 microtype config. file: Palatino (RS)
)
Package hyperref Info: Link coloring OFF on input line 86.

(/usr/local/texlive/2016/texmf-dist/tex/latex/hyperref/nameref.sty
Package: nameref 2012/10/27 v2.43 Cross-referencing by name of section

(/usr/local/texlive/2016/texmf-dist/tex/generic/oberdiek/gettitlestring.sty
Package: gettitlestring 2016/05/16 v1.5 Cleanup title references (HO)
)
\c@section@level=\count396
)
LaTeX Info: Redefining \ref on input line 86.
LaTeX Info: Redefining \pageref on input line 86.
LaTeX Info: Redefining \nameref on input line 86.
Package microtype Info: Character `029' is missing
(microtype)             in font `T1/qpl/m/sc/12'.
(microtype)             Ignoring protrusion settings for this character.
Package microtype Info: Character `029' is missing
(microtype)             in font `T1/qpl/m/sc/20.74'.
(microtype)             Ignoring protrusion settings for this character.
Package microtype Info: Character `029' is missing
(microtype)             in font `T1/qpl/m/sc/17.28'.
(microtype)             Ignoring protrusion settings for this character.

! Preview: Snippet 1 started.
<-><->
      
l.86 \begin{document}
                     
Not a real error.

<fithesis/logo/mu/fithesis-fi.pdf, id=38, 291.0875pt x 292.09125pt>
File: fithesis/logo/mu/fithesis-fi.pdf Graphic file (type pdf)

<use fithesis/logo/mu/fithesis-fi.pdf>
Package pdftex.def Info: fithesis/logo/mu/fithesis-fi.pdf used on input line 86
.
(pdftex.def)             Requested size: 113.81102pt x 114.20036pt.

Preview: Tightpage -32891 -32891 32891 32891
! Preview: Snippet 1 ended.(7484235+0x7458719).
<-><->
      
l.86 \begin{document}
                     
Not a real error.

[1 </usr/local/texlive/2016/texmf-dist/tex/latex/fithesis/logo/mu/fithesis-fi.p
df>]

! LaTeX Error: There's no line here to end.

See the LaTeX manual or LaTeX Companion for explanation.
Type  H <return>  for immediate help.
 ...                                              
                                                  
l.86 \begin{document}
                     
Your command was ignored.
Type  I <command> <return>  to replace it with another command,
or  <return>  to continue without it.

Package microtype Info: Character `029' is missing
(microtype)             in font `T1/qpl/m/sc/14.4'.
(microtype)             Ignoring protrusion settings for this character.
! Preview: Snippet 2 started.
<-><->
      
l.86 \begin{document}
                     
Not a real error.

<fithesis/logo/mu/fithesis-fi-color.pdf, id=44, 291.0875pt x 292.09125pt>
File: fithesis/logo/mu/fithesis-fi-color.pdf Graphic file (type pdf)

<use fithesis/logo/mu/fithesis-fi-color.pdf>
Package pdftex.def Info: fithesis/logo/mu/fithesis-fi-color.pdf used on input l
ine 86.
(pdftex.def)             Requested size: 113.81102pt x 114.20036pt.

! Preview: Snippet 2 ended.(7484235+0x7458719).
<-><->
      
l.86 \begin{document}
                     
Not a real error.

[2 </usr/local/texlive/2016/texmf-dist/tex/latex/fithesis/logo/mu/fithesis-fi-c
olor.pdf>]

! LaTeX Error: There's no line here to end.

See the LaTeX manual or LaTeX Companion for explanation.
Type  H <return>  for immediate help.
 ...                                              
                                                  
l.86 \begin{document}
                     
Your command was ignored.
Type  I <command> <return>  to replace it with another command,
or  <return>  to continue without it.

! Preview: Snippet 3 started.
<-><->
      
l.86 \begin{document}
                     
Not a real error.

! Preview: Snippet 3 ended.(2392064+0x23681433).
<-><->
      
l.86 \begin{document}
                     
Not a real error.

[3


{/usr/local/texlive/2016/texmf-var/fonts/map/pdftex/updmap/pdftex.map}]
! Preview: Snippet 4 started.
<-><->
      
l.86 \begin{document}
                     
Not a real error.

! Preview: Snippet 4 ended.(2392064+301235x23681433).
<-><->
      
l.86 \begin{document}
                     
Not a real error.

[4


]
! Preview: Snippet 5 started.
<-><->
      
l.86 \begin{document}
                     
Not a real error.

! Preview: Snippet 5 ended.(1441792+0x23681433).
<-><->
      
l.86 \begin{document}
                     
Not a real error.

[5

]
! Preview: Snippet 6 started.
<-><->
      
l.86 \begin{document}
                     
Not a real error.

! Preview: Snippet 6 ended.(1441792+301235x23681433).
<-><->
      
l.86 \begin{document}
                     
Not a real error.

[6

]
! Preview: Snippet 7 started.
<-><->
      
l.86 \begin{document}
                     
Not a real error.

! Preview: Snippet 7 ended.(2392064+0x23681433).
<-><->
      
l.86 \begin{document}
                     
Not a real error.

[7


]
! Preview: Snippet 8 started.
<-><->
      
l.86 \begin{document}
                     
Not a real error.

! Preview: Snippet 8 ended.(2392064+3397x23681433).
<-><->
      
l.86 \begin{document}
                     
Not a real error.

[8


]
! Preview: Snippet 9 started.
<-><->
      
l.86 \begin{document}
                     
Not a real error.

! Preview: Snippet 9 ended.(2392064+301235x23681433).
<-><->
      
l.86 \begin{document}
                     
Not a real error.

[9


]  !name(thesis.tex) !offset(17) 
! Preview: Snippet 10 started.
<-><->
      
l.89 \chapter
             {State of the art
Not a real error.

)
Runaway argument?
{State of the art I think the sections could be: 3D Modeling Software\ETC.
! File ended while scanning use of \pr@parse!.
<inserted text> 
                \par 
<*> &prv_thesis _region_.tex
                            
I suspect you have forgotten a `}', causing me
to read past where you wanted me to stop.
I'll try to recover; but if the error is serious,
you'd better type `E' or `X' now and fix your file.

! Emergency stop.
<*> &prv_thesis _region_.tex
                            
*** (job aborted, no legal \end found)

 
Here is how much of TeX's memory you used:
 974 strings out of 452899
 16943 string characters out of 5405991
 1313033 words of memory out of 5000000
 43886 multiletter control sequences out of 15000+600000
 56865 words of font info for 59 fonts, out of 8000000 for 9000
 1143 hyphenation exceptions out of 8191
 45i,6n,50p,1111b,451s stack positions out of 5000i,500n,10000p,200000b,80000s
!  ==> Fatal error occurred, no output PDF file produced!
