\BOOKMARK [0][-]{chapter.1}{Introduction}{}% 1
\BOOKMARK [0][-]{chapter.2}{Introduction\040-\040old}{}% 2
\BOOKMARK [1][-]{section.2.1}{\040Biological\040visualization\040and\040illustration}{chapter.2}% 3
\BOOKMARK [1][-]{section.2.2}{\040Motivation}{chapter.2}% 4
\BOOKMARK [0][-]{chapter.3}{State\040of\040the\040art}{}% 5
\BOOKMARK [1][-]{section.3.1}{\040Maya}{chapter.3}% 6
\BOOKMARK [1][-]{section.3.2}{\040cellVIEW}{chapter.3}% 7
\BOOKMARK [0][-]{chapter.4}{OLD\040-\040Overview\040of\040the\040two\040programs\040that\040I'm\040going\040to\040be\040bridging\040-\040TODO\040better\040title}{}% 8
\BOOKMARK [1][-]{section.4.1}{\040CellVIEW}{chapter.4}% 9
\BOOKMARK [2][-]{subsection.4.1.1}{\040Unity}{section.4.1}% 10
\BOOKMARK [1][-]{section.4.2}{\040Maya}{chapter.4}% 11
\BOOKMARK [2][-]{subsection.4.2.1}{\040Extensibility}{section.4.2}% 12
\BOOKMARK [0][-]{chapter.5}{Method}{}% 13
\BOOKMARK [0][-]{chapter.6}{Implementation}{}% 14
\BOOKMARK [1][-]{section.6.1}{\040WinAPI}{chapter.6}% 15
\BOOKMARK [1][-]{section.6.2}{\040Maya\040side}{chapter.6}% 16
\BOOKMARK [1][-]{section.6.3}{\040Unity\040side}{chapter.6}% 17
\BOOKMARK [0][-]{chapter.7}{Demonstration}{}% 18
\BOOKMARK [0][-]{chapter.8}{Discussion,\040future\040work}{}% 19
\BOOKMARK [0][-]{appendix.A}{An\040appendix}{}% 20
